Flow report for Seletores
Thu Nov 24 21:36:49 2016
Quartus II 64-Bit Version 13.0.0 Build 156 04/24/2013 SJ Web Edition


---------------------
; Table of Contents ;
---------------------
  1. Legal Notice
  2. Flow Summary
  3. Flow Settings
  4. Flow Non-Default Global Settings
  5. Flow Elapsed Time
  6. Flow OS Summary
  7. Flow Log
  8. Flow Messages
  9. Flow Suppressed Messages



----------------
; Legal Notice ;
----------------
Copyright (C) 1991-2013 Altera Corporation
Your use of Altera Corporation's design tools, logic functions 
and other software and tools, and its AMPP partner logic 
functions, and any output files from any of the foregoing 
(including device programming or simulation files), and any 
associated documentation or information are expressly subject 
to the terms and conditions of the Altera Program License 
Subscription Agreement, Altera MegaCore Function License 
Agreement, or other applicable license agreement, including, 
without limitation, that your use is for the sole purpose of 
programming logic devices manufactured by Altera and sold by 
Altera or its authorized distributors.  Please refer to the 
applicable agreement for further details.



+----------------------------------------------------------------------------------+
; Flow Summary                                                                     ;
+-------------------------------------+--------------------------------------------+
; Flow Status                         ; Successful - Thu Nov 24 21:36:49 2016      ;
; Quartus II 64-Bit Version           ; 13.0.0 Build 156 04/24/2013 SJ Web Edition ;
; Revision Name                       ; Seletores                                  ;
; Top-level Entity Name               ; seletores_top_level                        ;
; Family                              ; Cyclone V                                  ;
; Device                              ; 5CSEMA5F31C6                               ;
; Timing Models                       ; Preliminary                                ;
; Logic utilization (in ALMs)         ; 21 / 32,070 ( < 1 % )                      ;
; Total registers                     ; 0                                          ;
; Total pins                          ; 134 / 457 ( 29 % )                         ;
; Total virtual pins                  ; 0                                          ;
; Total block memory bits             ; 0 / 4,065,280 ( 0 % )                      ;
; Total DSP Blocks                    ; 0 / 87 ( 0 % )                             ;
; Total HSSI RX PCSs                  ; 0                                          ;
; Total HSSI PMA RX Deserializers     ; 0                                          ;
; Total HSSI PMA RX ATT Deserializers ; 0                                          ;
; Total HSSI TX PCSs                  ; 0                                          ;
; Total HSSI PMA TX Serializers       ; 0                                          ;
; Total HSSI PMA TX ATT Serializers   ; 0                                          ;
; Total PLLs                          ; 0 / 6 ( 0 % )                              ;
; Total DLLs                          ; 0 / 4 ( 0 % )                              ;
+-------------------------------------+--------------------------------------------+


+-----------------------------------------+
; Flow Settings                           ;
+-------------------+---------------------+
; Option            ; Setting             ;
+-------------------+---------------------+
; Start date & time ; 11/24/2016 21:34:58 ;
; Main task         ; Compilation         ;
; Revision Name     ; Seletores           ;
+-------------------+---------------------+


+------------------------------------------------------------------------------------------------------------------------------+
; Flow Non-Default Global Settings                                                                                             ;
+-------------------------------------+---------------------------------+---------------+---------------------+----------------+
; Assignment Name                     ; Value                           ; Default Value ; Entity Name         ; Section Id     ;
+-------------------------------------+---------------------------------+---------------+---------------------+----------------+
; COMPILER_SIGNATURE_ID               ; 268891677042982.148003049811464 ; --            ; --                  ; --             ;
; EDA_OUTPUT_DATA_FORMAT              ; Vhdl                            ; --            ; --                  ; eda_simulation ;
; EDA_SIMULATION_TOOL                 ; ModelSim-Altera (VHDL)          ; <None>        ; --                  ; --             ;
; MAX_CORE_JUNCTION_TEMP              ; 85                              ; --            ; --                  ; --             ;
; MIN_CORE_JUNCTION_TEMP              ; 0                               ; --            ; --                  ; --             ;
; PARTITION_COLOR                     ; 16764057                        ; --            ; seletores_top_level ; Top            ;
; PARTITION_FITTER_PRESERVATION_LEVEL ; PLACEMENT_AND_ROUTING           ; --            ; seletores_top_level ; Top            ;
; PARTITION_NETLIST_TYPE              ; SOURCE                          ; --            ; seletores_top_level ; Top            ;
; PROJECT_OUTPUT_DIRECTORY            ; output_files                    ; --            ; --                  ; --             ;
; TOP_LEVEL_ENTITY                    ; seletores_top_level             ; Seletores     ; --                  ; --             ;
+-------------------------------------+---------------------------------+---------------+---------------------+----------------+


+-------------------------------------------------------------------------------------------------------------------------------+
; Flow Elapsed Time                                                                                                             ;
+---------------------------+--------------+-------------------------+---------------------+------------------------------------+
; Module Name               ; Elapsed Time ; Average Processors Used ; Peak Virtual Memory ; Total CPU Time (on all processors) ;
+---------------------------+--------------+-------------------------+---------------------+------------------------------------+
; Analysis & Synthesis      ; 00:00:03     ; 1.0                     ; 565 MB              ; 00:00:02                           ;
; Fitter                    ; 00:01:24     ; 1.0                     ; 1777 MB             ; 00:01:24                           ;
; Assembler                 ; 00:00:02     ; 1.0                     ; 474 MB              ; 00:00:01                           ;
; TimeQuest Timing Analyzer ; 00:00:15     ; 1.0                     ; 1079 MB             ; 00:00:13                           ;
; EDA Netlist Writer        ; 00:00:01     ; 1.0                     ; 468 MB              ; 00:00:01                           ;
; Total                     ; 00:01:45     ; --                      ; --                  ; 00:01:41                           ;
+---------------------------+--------------+-------------------------+---------------------+------------------------------------+


+----------------------------------------------------------------------------------------+
; Flow OS Summary                                                                        ;
+---------------------------+------------------+-----------+------------+----------------+
; Module Name               ; Machine Hostname ; OS Name   ; OS Version ; Processor type ;
+---------------------------+------------------+-----------+------------+----------------+
; Analysis & Synthesis      ; DESKTOP-HT0CEBU  ; Windows 7 ; 6.2        ; x86_64         ;
; Fitter                    ; DESKTOP-HT0CEBU  ; Windows 7 ; 6.2        ; x86_64         ;
; Assembler                 ; DESKTOP-HT0CEBU  ; Windows 7 ; 6.2        ; x86_64         ;
; TimeQuest Timing Analyzer ; DESKTOP-HT0CEBU  ; Windows 7 ; 6.2        ; x86_64         ;
; EDA Netlist Writer        ; DESKTOP-HT0CEBU  ; Windows 7 ; 6.2        ; x86_64         ;
+---------------------------+------------------+-----------+------------+----------------+


------------
; Flow Log ;
------------
quartus_map --read_settings_files=on --write_settings_files=off Seletores -c Seletores
quartus_fit --read_settings_files=off --write_settings_files=off Seletores -c Seletores
quartus_asm --read_settings_files=off --write_settings_files=off Seletores -c Seletores
quartus_sta Seletores -c Seletores
quartus_eda --read_settings_files=off --write_settings_files=off Seletores -c Seletores



